15:57:29 INFO  org.example.loan.LoanService - Creating loan - memberId: 1, bookId: 1
15:57:29 INFO  org.example.loan.LoanService - Loan created successfully - bookId: 1, memberId: 1
16:01:08 INFO  org.example.loan.LoanService - Creating loan - memberId: 1, bookId: 1
16:01:41 INFO  org.example.loan.LoanService - Creating loan - memberId: 1, bookId: 1
16:04:44 INFO  org.example.loan.LoanService - Creating loan - memberId: 1, bookId: 1
16:04:44 WARN  org.example.loan.LoanService - Member not found with id: 1
16:05:23 INFO  org.example.loan.LoanService - Creating loan - memberId: 1, bookId: 1
16:05:23 WARN  org.example.loan.LoanService - Member not found with id: 1
16:06:37 INFO  org.example.loan.LoanService - Creating loan - memberId: 1, bookId: 1
16:06:37 WARN  org.example.loan.LoanService - Book not found with id 1
16:09:25 INFO  org.example.loan.LoanService - Creating loan - memberId: -1, bookId: -1
16:19:10 INFO  org.example.loan.LoanService - Returning loan - loanId: 1
16:19:10 INFO  org.example.loan.LoanService - Returned loan successfully - loanId: 1
16:19:42 INFO  org.example.loan.LoanService - Returning loan - loanId: 1
16:19:42 INFO  org.example.loan.LoanService - Returned loan successfully - loanId: 1
16:21:08 INFO  org.example.loan.LoanService - Returning loan - loanId: 1
16:21:08 INFO  org.example.loan.LoanService - Returned loan successfully - loanId: 1
16:23:44 INFO  org.example.loan.LoanService - Returning loan - loanId: 1
16:26:19 INFO  org.example.loan.LoanService - Returning loan - loanId: 0
16:26:35 INFO  org.example.loan.LoanService - Returning loan - loanId: 1
16:26:35 WARN  org.example.loan.LoanService - Loan not found with loanId: 1
16:28:05 INFO  org.example.loan.LoanService - Returning loan - loanId: -1
16:31:53 INFO  org.example.loan.LoanService - Returning loan - loanId: -1
16:31:53 INFO  org.example.loan.LoanService - Creating loan - memberId: -1, bookId: -1
16:31:53 INFO  org.example.loan.LoanService - Returning loan - loanId: 1
16:31:53 WARN  org.example.loan.LoanService - Loan not found with loanId: 1
16:31:53 INFO  org.example.loan.LoanService - Creating loan - memberId: 1, bookId: 1
16:31:53 WARN  org.example.loan.LoanService - Book not found with id 1
16:31:53 INFO  org.example.loan.LoanService - Returning loan - loanId: 1
16:31:53 INFO  org.example.loan.LoanService - Creating loan - memberId: 1, bookId: 1
16:31:53 INFO  org.example.loan.LoanService - Loan created successfully - bookId: 1, memberId: 1
16:31:53 INFO  org.example.loan.LoanService - Creating loan - memberId: 1, bookId: 1
16:31:53 WARN  org.example.loan.LoanService - Member not found with id: 1
16:31:53 INFO  org.example.loan.LoanService - Returning loan - loanId: 1
16:31:53 INFO  org.example.loan.LoanService - Returned loan successfully - loanId: 1
16:31:53 INFO  org.example.loan.LoanService - Creating loan - memberId: 1, bookId: 1
